<?xml version="1.0" encoding="UTF-8"?>
<!-- Generated by org.testng.reporters.JUnitReportReporter -->
<testsuite hostname="Umairs-MacBook-Air.local" failures="0" tests="1" name="POM.Test_cases" time="19.000" errors="0" timestamp="2022-07-19T10:35:37 IST" skipped="0">
  <testcase classname="POM.Test_cases" name="gettingwebsite" time="19.000"/>
  <system-out/>
</testsuite> <!-- POM.Test_cases -->
