<?xml version="1.0" encoding="UTF-8"?>
<!-- Generated by org.testng.reporters.JUnitReportReporter -->
<testsuite hostname="Umairs-MacBook-Air.local" failures="0" tests="2" name="UdemySel.Mvn.Extendreport_website" time="11.255" errors="0" timestamp="2022-07-18T14:26:57 IST" skipped="0">
  <testcase classname="UdemySel.Mvn.Extendreport_website" name="test2" time="7.064"/>
  <system-out/>
  <testcase classname="UdemySel.Mvn.Extendreport_website" name="test1" time="4.191"/>
  <system-out/>
</testsuite> <!-- UdemySel.Mvn.Extendreport_website -->
