<?xml version="1.0" encoding="UTF-8"?>
<!-- Generated by org.testng.reporters.JUnitReportReporter -->
<testsuite hostname="Umairs-MacBook-Air.local" failures="0" tests="1" name="POM.Test_cases" time="34.368" errors="0" timestamp="2022-07-19T20:13:48 IST" skipped="0">
  <testcase classname="POM.Test_cases" name="gettingwebsite" time="34.368"/>
  <system-out/>
</testsuite> <!-- POM.Test_cases -->
